<?xml version="1.0" encoding="UTF-8"?>
<!-- Generated by org.testng.reporters.JUnitReportReporter -->
<testsuite hostname="DESKTOP-8UT20MC" failures="0" tests="4" name="api.test.UserTests" time="12.478" errors="0" timestamp="2025-05-03T23:17:11 IST" skipped="0">
  <testcase classname="api.test.UserTests" name="testPostUser" time="4.441"/>
  <testcase classname="api.test.UserTests" name="testGetByUserName" time="2.000"/>
  <testcase classname="api.test.UserTests" name="testUpdateByUserName" time="3.941"/>
  <testcase classname="api.test.UserTests" name="testdeleteByUserName" time="2.096"/>
</testsuite> <!-- api.test.UserTests -->
